mode: set
github.com/dixieflatline76/Spice/pkg/wallpaper/config.go:51.44,52.20 1 1
github.com/dixieflatline76/Spice/pkg/wallpaper/config.go:52.20,54.15 2 1
github.com/dixieflatline76/Spice/pkg/wallpaper/config.go:54.15,56.4 1 0
github.com/dixieflatline76/Spice/pkg/wallpaper/config.go:57.3,66.53 2 1
github.com/dixieflatline76/Spice/pkg/wallpaper/config.go:66.53,69.4 1 0
github.com/dixieflatline76/Spice/pkg/wallpaper/config.go:71.2,71.20 1 1
github.com/dixieflatline76/Spice/pkg/wallpaper/config.go:75.23,77.16 2 0
github.com/dixieflatline76/Spice/pkg/wallpaper/config.go:77.16,79.3 1 0
github.com/dixieflatline76/Spice/pkg/wallpaper/config.go:80.2,80.68 1 0
github.com/dixieflatline76/Spice/pkg/wallpaper/config.go:84.40,89.16 4 1
github.com/dixieflatline76/Spice/pkg/wallpaper/config.go:89.16,91.3 1 0
github.com/dixieflatline76/Spice/pkg/wallpaper/config.go:92.2,94.59 2 1
github.com/dixieflatline76/Spice/pkg/wallpaper/config.go:94.59,96.3 1 0
github.com/dixieflatline76/Spice/pkg/wallpaper/config.go:99.2,100.35 2 1
github.com/dixieflatline76/Spice/pkg/wallpaper/config.go:100.35,101.17 1 1
github.com/dixieflatline76/Spice/pkg/wallpaper/config.go:101.17,104.4 2 1
github.com/dixieflatline76/Spice/pkg/wallpaper/config.go:108.2,108.38 1 1
github.com/dixieflatline76/Spice/pkg/wallpaper/config.go:108.38,109.17 1 0
github.com/dixieflatline76/Spice/pkg/wallpaper/config.go:109.17,112.4 2 0
github.com/dixieflatline76/Spice/pkg/wallpaper/config.go:117.2,120.27 3 1
github.com/dixieflatline76/Spice/pkg/wallpaper/config.go:120.27,122.3 1 0
github.com/dixieflatline76/Spice/pkg/wallpaper/config.go:124.2,124.20 1 1
github.com/dixieflatline76/Spice/pkg/wallpaper/config.go:124.20,127.3 1 1
github.com/dixieflatline76/Spice/pkg/wallpaper/config.go:129.2,129.12 1 1
github.com/dixieflatline76/Spice/pkg/wallpaper/config.go:133.79,139.28 4 1
github.com/dixieflatline76/Spice/pkg/wallpaper/config.go:139.28,141.3 1 0
github.com/dixieflatline76/Spice/pkg/wallpaper/config.go:143.2,146.19 4 1
github.com/dixieflatline76/Spice/pkg/wallpaper/config.go:150.89,155.25 4 0
github.com/dixieflatline76/Spice/pkg/wallpaper/config.go:155.25,157.3 1 0
github.com/dixieflatline76/Spice/pkg/wallpaper/config.go:159.2,168.16 4 0
github.com/dixieflatline76/Spice/pkg/wallpaper/config.go:172.48,173.35 1 1
github.com/dixieflatline76/Spice/pkg/wallpaper/config.go:173.35,174.17 1 1
github.com/dixieflatline76/Spice/pkg/wallpaper/config.go:174.17,176.4 1 1
github.com/dixieflatline76/Spice/pkg/wallpaper/config.go:178.2,178.38 1 1
github.com/dixieflatline76/Spice/pkg/wallpaper/config.go:178.38,179.17 1 0
github.com/dixieflatline76/Spice/pkg/wallpaper/config.go:179.17,181.4 1 0
github.com/dixieflatline76/Spice/pkg/wallpaper/config.go:183.2,183.14 1 1
github.com/dixieflatline76/Spice/pkg/wallpaper/config.go:187.48,191.2 3 1
github.com/dixieflatline76/Spice/pkg/wallpaper/config.go:194.79,195.28 1 1
github.com/dixieflatline76/Spice/pkg/wallpaper/config.go:195.28,196.17 1 1
github.com/dixieflatline76/Spice/pkg/wallpaper/config.go:196.17,198.4 1 1
github.com/dixieflatline76/Spice/pkg/wallpaper/config.go:200.2,200.57 1 0
github.com/dixieflatline76/Spice/pkg/wallpaper/config.go:204.52,209.16 4 1
github.com/dixieflatline76/Spice/pkg/wallpaper/config.go:209.16,211.3 1 0
github.com/dixieflatline76/Spice/pkg/wallpaper/config.go:213.2,215.12 3 1
github.com/dixieflatline76/Spice/pkg/wallpaper/config.go:219.55,224.16 4 0
github.com/dixieflatline76/Spice/pkg/wallpaper/config.go:224.16,226.3 1 0
github.com/dixieflatline76/Spice/pkg/wallpaper/config.go:228.2,230.12 3 0
github.com/dixieflatline76/Spice/pkg/wallpaper/config.go:234.52,239.16 4 0
github.com/dixieflatline76/Spice/pkg/wallpaper/config.go:239.16,241.3 1 0
github.com/dixieflatline76/Spice/pkg/wallpaper/config.go:243.2,245.12 3 0
github.com/dixieflatline76/Spice/pkg/wallpaper/config.go:249.55,254.16 4 0
github.com/dixieflatline76/Spice/pkg/wallpaper/config.go:254.16,256.3 1 0
github.com/dixieflatline76/Spice/pkg/wallpaper/config.go:258.2,260.12 3 0
github.com/dixieflatline76/Spice/pkg/wallpaper/config.go:264.53,269.16 4 1
github.com/dixieflatline76/Spice/pkg/wallpaper/config.go:269.16,271.3 1 0
github.com/dixieflatline76/Spice/pkg/wallpaper/config.go:273.2,275.12 3 1
github.com/dixieflatline76/Spice/pkg/wallpaper/config.go:279.56,284.16 4 0
github.com/dixieflatline76/Spice/pkg/wallpaper/config.go:284.16,286.3 1 0
github.com/dixieflatline76/Spice/pkg/wallpaper/config.go:288.2,290.12 3 0
github.com/dixieflatline76/Spice/pkg/wallpaper/config.go:294.45,299.2 4 1
github.com/dixieflatline76/Spice/pkg/wallpaper/config.go:302.43,307.2 4 0
github.com/dixieflatline76/Spice/pkg/wallpaper/config.go:310.34,315.2 4 0
github.com/dixieflatline76/Spice/pkg/wallpaper/config.go:318.43,322.2 3 1
github.com/dixieflatline76/Spice/pkg/wallpaper/config.go:325.47,329.2 3 0
github.com/dixieflatline76/Spice/pkg/wallpaper/config.go:332.37,336.2 3 1
github.com/dixieflatline76/Spice/pkg/wallpaper/config.go:339.44,343.2 3 1
github.com/dixieflatline76/Spice/pkg/wallpaper/config.go:346.58,350.2 3 1
github.com/dixieflatline76/Spice/pkg/wallpaper/config.go:353.67,357.2 3 1
github.com/dixieflatline76/Spice/pkg/wallpaper/config.go:360.39,364.2 3 0
github.com/dixieflatline76/Spice/pkg/wallpaper/config.go:367.46,371.2 3 1
github.com/dixieflatline76/Spice/pkg/wallpaper/config.go:374.44,378.16 4 1
github.com/dixieflatline76/Spice/pkg/wallpaper/config.go:378.16,380.43 1 1
github.com/dixieflatline76/Spice/pkg/wallpaper/config.go:380.43,382.4 1 0
github.com/dixieflatline76/Spice/pkg/wallpaper/config.go:383.3,383.12 1 1
github.com/dixieflatline76/Spice/pkg/wallpaper/config.go:385.2,385.14 1 0
github.com/dixieflatline76/Spice/pkg/wallpaper/config.go:389.49,393.16 4 0
github.com/dixieflatline76/Spice/pkg/wallpaper/config.go:393.16,395.3 1 0
github.com/dixieflatline76/Spice/pkg/wallpaper/config.go:399.46,403.16 4 0
github.com/dixieflatline76/Spice/pkg/wallpaper/config.go:403.16,406.3 2 0
github.com/dixieflatline76/Spice/pkg/wallpaper/config.go:407.2,407.15 1 0
github.com/dixieflatline76/Spice/pkg/wallpaper/config.go:411.52,415.16 4 0
github.com/dixieflatline76/Spice/pkg/wallpaper/config.go:415.16,417.3 1 0
github.com/dixieflatline76/Spice/pkg/wallpaper/config.go:421.48,425.2 3 0
github.com/dixieflatline76/Spice/pkg/wallpaper/config.go:428.42,432.2 3 0
github.com/dixieflatline76/Spice/pkg/wallpaper/config.go:435.49,439.2 3 0
github.com/dixieflatline76/Spice/pkg/wallpaper/config.go:442.43,446.2 3 0
github.com/dixieflatline76/Spice/pkg/wallpaper/config.go:449.51,453.2 3 1
github.com/dixieflatline76/Spice/pkg/wallpaper/config.go:456.45,460.2 3 1
github.com/dixieflatline76/Spice/pkg/wallpaper/config.go:463.50,467.2 3 1
github.com/dixieflatline76/Spice/pkg/wallpaper/config.go:470.44,474.2 3 1
github.com/dixieflatline76/Spice/pkg/wallpaper/config.go:477.51,479.2 1 0
github.com/dixieflatline76/Spice/pkg/wallpaper/config.go:482.25,485.16 2 1
github.com/dixieflatline76/Spice/pkg/wallpaper/config.go:485.16,487.3 1 0
github.com/dixieflatline76/Spice/pkg/wallpaper/config.go:489.2,489.51 1 1
github.com/dixieflatline76/Spice/pkg/wallpaper/const.go:68.36,69.11 1 1
github.com/dixieflatline76/Spice/pkg/wallpaper/const.go:70.22,71.17 1 0
github.com/dixieflatline76/Spice/pkg/wallpaper/const.go:72.25,73.27 1 0
github.com/dixieflatline76/Spice/pkg/wallpaper/const.go:74.26,75.28 1 0
github.com/dixieflatline76/Spice/pkg/wallpaper/const.go:76.26,77.28 1 0
github.com/dixieflatline76/Spice/pkg/wallpaper/const.go:78.23,79.18 1 1
github.com/dixieflatline76/Spice/pkg/wallpaper/const.go:80.23,81.25 1 0
github.com/dixieflatline76/Spice/pkg/wallpaper/const.go:82.23,83.25 1 0
github.com/dixieflatline76/Spice/pkg/wallpaper/const.go:84.22,85.17 1 0
github.com/dixieflatline76/Spice/pkg/wallpaper/const.go:86.10,87.19 1 0
github.com/dixieflatline76/Spice/pkg/wallpaper/const.go:92.45,94.2 1 1
github.com/dixieflatline76/Spice/pkg/wallpaper/const.go:97.38,109.32 3 0
github.com/dixieflatline76/Spice/pkg/wallpaper/const.go:109.32,111.3 1 0
github.com/dixieflatline76/Spice/pkg/wallpaper/const.go:112.2,112.18 1 0
github.com/dixieflatline76/Spice/pkg/wallpaper/const.go:139.37,140.12 1 0
github.com/dixieflatline76/Spice/pkg/wallpaper/const.go:141.17,142.16 1 0
github.com/dixieflatline76/Spice/pkg/wallpaper/const.go:143.22,144.22 1 0
github.com/dixieflatline76/Spice/pkg/wallpaper/const.go:145.22,146.22 1 0
github.com/dixieflatline76/Spice/pkg/wallpaper/const.go:147.22,148.22 1 0
github.com/dixieflatline76/Spice/pkg/wallpaper/const.go:149.22,150.22 1 0
github.com/dixieflatline76/Spice/pkg/wallpaper/const.go:151.23,152.23 1 0
github.com/dixieflatline76/Spice/pkg/wallpaper/const.go:153.10,154.19 1 0
github.com/dixieflatline76/Spice/pkg/wallpaper/const.go:159.32,161.2 1 1
github.com/dixieflatline76/Spice/pkg/wallpaper/const.go:164.37,174.32 3 0
github.com/dixieflatline76/Spice/pkg/wallpaper/const.go:174.32,176.3 1 0
github.com/dixieflatline76/Spice/pkg/wallpaper/const.go:177.2,177.18 1 0
github.com/dixieflatline76/Spice/pkg/wallpaper/const_wallhaven.go:59.35,60.12 1 1
github.com/dixieflatline76/Spice/pkg/wallpaper/const_wallhaven.go:61.14,62.18 1 1
github.com/dixieflatline76/Spice/pkg/wallpaper/const_wallhaven.go:63.17,64.21 1 1
github.com/dixieflatline76/Spice/pkg/wallpaper/const_wallhaven.go:65.10,66.19 1 0
github.com/dixieflatline76/Spice/pkg/wallpaper/helper.go:18.48,20.26 2 1
github.com/dixieflatline76/Spice/pkg/wallpaper/helper.go:20.26,22.3 1 1
github.com/dixieflatline76/Spice/pkg/wallpaper/helper.go:23.2,23.34 1 1
github.com/dixieflatline76/Spice/pkg/wallpaper/helper.go:23.34,25.3 1 1
github.com/dixieflatline76/Spice/pkg/wallpaper/helper.go:26.2,26.31 1 1
github.com/dixieflatline76/Spice/pkg/wallpaper/helper.go:30.36,33.2 2 1
github.com/dixieflatline76/Spice/pkg/wallpaper/helper.go:36.48,47.16 4 0
github.com/dixieflatline76/Spice/pkg/wallpaper/helper.go:47.16,49.3 1 0
github.com/dixieflatline76/Spice/pkg/wallpaper/helper.go:52.2,53.16 2 0
github.com/dixieflatline76/Spice/pkg/wallpaper/helper.go:53.16,55.3 1 0
github.com/dixieflatline76/Spice/pkg/wallpaper/helper.go:56.2,59.38 2 0
github.com/dixieflatline76/Spice/pkg/wallpaper/helper.go:59.38,61.3 1 0
github.com/dixieflatline76/Spice/pkg/wallpaper/helper.go:62.2,62.41 1 0
github.com/dixieflatline76/Spice/pkg/wallpaper/helper.go:67.90,73.9 4 1
github.com/dixieflatline76/Spice/pkg/wallpaper/helper.go:74.50,78.24 3 1
github.com/dixieflatline76/Spice/pkg/wallpaper/helper.go:80.43,84.44 3 1
github.com/dixieflatline76/Spice/pkg/wallpaper/helper.go:84.44,86.4 1 1
github.com/dixieflatline76/Spice/pkg/wallpaper/helper.go:86.9,88.4 1 0
github.com/dixieflatline76/Spice/pkg/wallpaper/helper.go:89.3,89.21 1 1
github.com/dixieflatline76/Spice/pkg/wallpaper/helper.go:91.50,93.24 2 0
github.com/dixieflatline76/Spice/pkg/wallpaper/helper.go:95.46,97.21 2 1
github.com/dixieflatline76/Spice/pkg/wallpaper/helper.go:99.10,102.9 2 1
github.com/dixieflatline76/Spice/pkg/wallpaper/helper.go:106.2,107.21 2 1
github.com/dixieflatline76/Spice/pkg/wallpaper/helper.go:107.21,110.3 2 0
github.com/dixieflatline76/Spice/pkg/wallpaper/helper.go:111.2,114.21 3 1
github.com/dixieflatline76/Spice/pkg/wallpaper/helper.go:114.21,117.3 2 1
github.com/dixieflatline76/Spice/pkg/wallpaper/helper.go:119.2,119.19 1 1
github.com/dixieflatline76/Spice/pkg/wallpaper/helper.go:119.19,122.3 2 0
github.com/dixieflatline76/Spice/pkg/wallpaper/helper.go:124.2,124.19 1 1
github.com/dixieflatline76/Spice/pkg/wallpaper/helper.go:124.19,126.3 1 1
github.com/dixieflatline76/Spice/pkg/wallpaper/helper.go:127.2,131.8 3 1
github.com/dixieflatline76/Spice/pkg/wallpaper/helper.go:135.41,139.2 3 1
github.com/dixieflatline76/Spice/pkg/wallpaper/oauth.go:25.88,30.2 1 0
github.com/dixieflatline76/Spice/pkg/wallpaper/oauth.go:34.56,36.16 2 0
github.com/dixieflatline76/Spice/pkg/wallpaper/oauth.go:36.16,38.3 1 0
github.com/dixieflatline76/Spice/pkg/wallpaper/oauth.go:41.2,42.16 2 0
github.com/dixieflatline76/Spice/pkg/wallpaper/oauth.go:42.16,44.3 1 0
github.com/dixieflatline76/Spice/pkg/wallpaper/oauth.go:45.2,53.76 5 0
github.com/dixieflatline76/Spice/pkg/wallpaper/oauth.go:53.76,55.42 1 0
github.com/dixieflatline76/Spice/pkg/wallpaper/oauth.go:55.42,59.4 3 0
github.com/dixieflatline76/Spice/pkg/wallpaper/oauth.go:61.3,62.17 2 0
github.com/dixieflatline76/Spice/pkg/wallpaper/oauth.go:62.17,66.4 3 0
github.com/dixieflatline76/Spice/pkg/wallpaper/oauth.go:69.3,70.19 2 0
github.com/dixieflatline76/Spice/pkg/wallpaper/oauth.go:73.2,73.12 1 0
github.com/dixieflatline76/Spice/pkg/wallpaper/oauth.go:73.12,74.80 1 0
github.com/dixieflatline76/Spice/pkg/wallpaper/oauth.go:74.80,77.4 2 0
github.com/dixieflatline76/Spice/pkg/wallpaper/oauth.go:81.2,94.55 12 0
github.com/dixieflatline76/Spice/pkg/wallpaper/oauth.go:94.55,97.3 2 0
github.com/dixieflatline76/Spice/pkg/wallpaper/oauth.go:100.2,101.9 2 0
github.com/dixieflatline76/Spice/pkg/wallpaper/oauth.go:102.25,102.25 0 0
github.com/dixieflatline76/Spice/pkg/wallpaper/oauth.go:104.24,106.13 2 0
github.com/dixieflatline76/Spice/pkg/wallpaper/oauth.go:107.37,109.48 2 0
github.com/dixieflatline76/Spice/pkg/wallpaper/oauth.go:113.2,119.16 5 0
github.com/dixieflatline76/Spice/pkg/wallpaper/oauth.go:119.16,121.3 1 0
github.com/dixieflatline76/Spice/pkg/wallpaper/oauth.go:124.2,127.12 3 0
github.com/dixieflatline76/Spice/pkg/wallpaper/oauth.go:130.93,139.16 8 0
github.com/dixieflatline76/Spice/pkg/wallpaper/oauth.go:139.16,141.3 1 0
github.com/dixieflatline76/Spice/pkg/wallpaper/oauth.go:142.2,144.38 2 0
github.com/dixieflatline76/Spice/pkg/wallpaper/oauth.go:144.38,146.3 1 0
github.com/dixieflatline76/Spice/pkg/wallpaper/oauth.go:148.2,151.67 2 0
github.com/dixieflatline76/Spice/pkg/wallpaper/oauth.go:151.67,153.3 1 0
github.com/dixieflatline76/Spice/pkg/wallpaper/oauth.go:155.2,155.32 1 0
github.com/dixieflatline76/Spice/pkg/wallpaper/oauth.go:158.55,161.16 3 1
github.com/dixieflatline76/Spice/pkg/wallpaper/oauth.go:161.16,163.3 1 0
github.com/dixieflatline76/Spice/pkg/wallpaper/oauth.go:164.2,164.53 1 1
github.com/dixieflatline76/Spice/pkg/wallpaper/oauth.go:167.52,171.2 3 1
github.com/dixieflatline76/Spice/pkg/wallpaper/smart_image_processor.go:31.130,36.42 4 0
github.com/dixieflatline76/Spice/pkg/wallpaper/smart_image_processor.go:36.42,38.3 1 0
github.com/dixieflatline76/Spice/pkg/wallpaper/smart_image_processor.go:40.2,40.21 1 0
github.com/dixieflatline76/Spice/pkg/wallpaper/smart_image_processor.go:41.19,43.14 2 0
github.com/dixieflatline76/Spice/pkg/wallpaper/smart_image_processor.go:44.20,46.14 2 0
github.com/dixieflatline76/Spice/pkg/wallpaper/smart_image_processor.go:47.10,48.58 1 0
github.com/dixieflatline76/Spice/pkg/wallpaper/smart_image_processor.go:50.2,50.16 1 0
github.com/dixieflatline76/Spice/pkg/wallpaper/smart_image_processor.go:50.16,52.3 1 0
github.com/dixieflatline76/Spice/pkg/wallpaper/smart_image_processor.go:54.2,54.42 1 0
github.com/dixieflatline76/Spice/pkg/wallpaper/smart_image_processor.go:54.42,56.3 1 0
github.com/dixieflatline76/Spice/pkg/wallpaper/smart_image_processor.go:57.2,57.22 1 0
github.com/dixieflatline76/Spice/pkg/wallpaper/smart_image_processor.go:61.117,65.42 3 0
github.com/dixieflatline76/Spice/pkg/wallpaper/smart_image_processor.go:65.42,67.3 1 0
github.com/dixieflatline76/Spice/pkg/wallpaper/smart_image_processor.go:69.2,69.21 1 0
github.com/dixieflatline76/Spice/pkg/wallpaper/smart_image_processor.go:70.19,71.30 1 0
github.com/dixieflatline76/Spice/pkg/wallpaper/smart_image_processor.go:72.20,73.59 1 0
github.com/dixieflatline76/Spice/pkg/wallpaper/smart_image_processor.go:74.10,75.64 1 0
github.com/dixieflatline76/Spice/pkg/wallpaper/smart_image_processor.go:78.2,78.16 1 0
github.com/dixieflatline76/Spice/pkg/wallpaper/smart_image_processor.go:78.16,80.3 1 0
github.com/dixieflatline76/Spice/pkg/wallpaper/smart_image_processor.go:82.2,82.42 1 0
github.com/dixieflatline76/Spice/pkg/wallpaper/smart_image_processor.go:82.42,84.3 1 0
github.com/dixieflatline76/Spice/pkg/wallpaper/smart_image_processor.go:86.2,86.25 1 0
github.com/dixieflatline76/Spice/pkg/wallpaper/smart_image_processor.go:90.99,91.29 1 1
github.com/dixieflatline76/Spice/pkg/wallpaper/smart_image_processor.go:91.29,93.3 1 1
github.com/dixieflatline76/Spice/pkg/wallpaper/smart_image_processor.go:95.2,96.16 2 1
github.com/dixieflatline76/Spice/pkg/wallpaper/smart_image_processor.go:96.16,98.3 1 0
github.com/dixieflatline76/Spice/pkg/wallpaper/smart_image_processor.go:101.2,101.42 1 1
github.com/dixieflatline76/Spice/pkg/wallpaper/smart_image_processor.go:101.42,103.3 1 0
github.com/dixieflatline76/Spice/pkg/wallpaper/smart_image_processor.go:105.2,113.9 7 1
github.com/dixieflatline76/Spice/pkg/wallpaper/smart_image_processor.go:114.96,116.64 2 0
github.com/dixieflatline76/Spice/pkg/wallpaper/smart_image_processor.go:117.64,119.18 2 0
github.com/dixieflatline76/Spice/pkg/wallpaper/smart_image_processor.go:120.35,123.24 3 1
github.com/dixieflatline76/Spice/pkg/wallpaper/smart_image_processor.go:123.24,125.4 1 0
github.com/dixieflatline76/Spice/pkg/wallpaper/smart_image_processor.go:126.3,126.25 1 1
github.com/dixieflatline76/Spice/pkg/wallpaper/smart_image_processor.go:127.10,130.17 3 1
github.com/dixieflatline76/Spice/pkg/wallpaper/smart_image_processor.go:130.17,132.4 1 0
github.com/dixieflatline76/Spice/pkg/wallpaper/smart_image_processor.go:133.3,133.25 1 1
github.com/dixieflatline76/Spice/pkg/wallpaper/smart_image_processor.go:138.100,140.16 2 1
github.com/dixieflatline76/Spice/pkg/wallpaper/smart_image_processor.go:140.16,142.3 1 0
github.com/dixieflatline76/Spice/pkg/wallpaper/smart_image_processor.go:145.2,145.42 1 1
github.com/dixieflatline76/Spice/pkg/wallpaper/smart_image_processor.go:145.42,147.3 1 0
github.com/dixieflatline76/Spice/pkg/wallpaper/smart_image_processor.go:149.2,155.88 3 1
github.com/dixieflatline76/Spice/pkg/wallpaper/smart_image_processor.go:155.88,157.17 2 0
github.com/dixieflatline76/Spice/pkg/wallpaper/smart_image_processor.go:157.17,159.37 1 0
github.com/dixieflatline76/Spice/pkg/wallpaper/smart_image_processor.go:159.37,171.26 7 0
github.com/dixieflatline76/Spice/pkg/wallpaper/smart_image_processor.go:171.26,173.6 1 0
github.com/dixieflatline76/Spice/pkg/wallpaper/smart_image_processor.go:174.5,174.27 1 0
github.com/dixieflatline76/Spice/pkg/wallpaper/smart_image_processor.go:178.4,178.38 1 0
github.com/dixieflatline76/Spice/pkg/wallpaper/smart_image_processor.go:178.38,191.63 6 0
github.com/dixieflatline76/Spice/pkg/wallpaper/smart_image_processor.go:191.63,192.64 1 0
github.com/dixieflatline76/Spice/pkg/wallpaper/smart_image_processor.go:192.64,195.28 2 0
github.com/dixieflatline76/Spice/pkg/wallpaper/smart_image_processor.go:195.28,197.8 1 0
github.com/dixieflatline76/Spice/pkg/wallpaper/smart_image_processor.go:198.7,199.28 2 0
github.com/dixieflatline76/Spice/pkg/wallpaper/smart_image_processor.go:199.28,201.8 1 0
github.com/dixieflatline76/Spice/pkg/wallpaper/smart_image_processor.go:202.7,203.28 2 0
github.com/dixieflatline76/Spice/pkg/wallpaper/smart_image_processor.go:203.28,205.8 1 0
github.com/dixieflatline76/Spice/pkg/wallpaper/smart_image_processor.go:206.7,209.41 2 0
github.com/dixieflatline76/Spice/pkg/wallpaper/smart_image_processor.go:209.41,210.42 1 0
github.com/dixieflatline76/Spice/pkg/wallpaper/smart_image_processor.go:210.42,211.57 1 0
github.com/dixieflatline76/Spice/pkg/wallpaper/smart_image_processor.go:211.57,213.10 1 0
github.com/dixieflatline76/Spice/pkg/wallpaper/smart_image_processor.go:220.5,220.33 1 0
github.com/dixieflatline76/Spice/pkg/wallpaper/smart_image_processor.go:222.9,224.4 1 0
github.com/dixieflatline76/Spice/pkg/wallpaper/smart_image_processor.go:225.8,225.95 1 1
github.com/dixieflatline76/Spice/pkg/wallpaper/smart_image_processor.go:225.95,227.3 1 0
github.com/dixieflatline76/Spice/pkg/wallpaper/smart_image_processor.go:230.2,239.12 4 1
github.com/dixieflatline76/Spice/pkg/wallpaper/smart_image_processor.go:239.12,242.28 2 1
github.com/dixieflatline76/Spice/pkg/wallpaper/smart_image_processor.go:242.28,244.4 1 0
github.com/dixieflatline76/Spice/pkg/wallpaper/smart_image_processor.go:245.3,246.52 2 1
github.com/dixieflatline76/Spice/pkg/wallpaper/smart_image_processor.go:249.2,249.9 1 1
github.com/dixieflatline76/Spice/pkg/wallpaper/smart_image_processor.go:250.20,251.24 1 0
github.com/dixieflatline76/Spice/pkg/wallpaper/smart_image_processor.go:252.30,253.24 1 1
github.com/dixieflatline76/Spice/pkg/wallpaper/smart_image_processor.go:253.24,255.4 1 0
github.com/dixieflatline76/Spice/pkg/wallpaper/smart_image_processor.go:262.3,269.69 5 1
github.com/dixieflatline76/Spice/pkg/wallpaper/smart_image_processor.go:269.69,273.4 2 0
github.com/dixieflatline76/Spice/pkg/wallpaper/smart_image_processor.go:273.9,277.4 2 1
github.com/dixieflatline76/Spice/pkg/wallpaper/smart_image_processor.go:280.3,286.29 5 1
github.com/dixieflatline76/Spice/pkg/wallpaper/smart_image_processor.go:286.29,290.4 3 0
github.com/dixieflatline76/Spice/pkg/wallpaper/smart_image_processor.go:291.3,291.29 1 1
github.com/dixieflatline76/Spice/pkg/wallpaper/smart_image_processor.go:291.29,295.4 3 0
github.com/dixieflatline76/Spice/pkg/wallpaper/smart_image_processor.go:296.3,296.29 1 1
github.com/dixieflatline76/Spice/pkg/wallpaper/smart_image_processor.go:296.29,300.4 3 0
github.com/dixieflatline76/Spice/pkg/wallpaper/smart_image_processor.go:301.3,301.29 1 1
github.com/dixieflatline76/Spice/pkg/wallpaper/smart_image_processor.go:301.29,305.4 3 0
github.com/dixieflatline76/Spice/pkg/wallpaper/smart_image_processor.go:307.3,321.24 8 1
github.com/dixieflatline76/Spice/pkg/wallpaper/smart_image_processor.go:321.24,323.4 1 0
github.com/dixieflatline76/Spice/pkg/wallpaper/smart_image_processor.go:325.3,325.25 1 1
github.com/dixieflatline76/Spice/pkg/wallpaper/smart_image_processor.go:330.145,338.68 4 0
github.com/dixieflatline76/Spice/pkg/wallpaper/smart_image_processor.go:338.68,342.3 2 0
github.com/dixieflatline76/Spice/pkg/wallpaper/smart_image_processor.go:342.8,346.3 2 0
github.com/dixieflatline76/Spice/pkg/wallpaper/smart_image_processor.go:349.2,355.28 5 0
github.com/dixieflatline76/Spice/pkg/wallpaper/smart_image_processor.go:355.28,359.3 3 0
github.com/dixieflatline76/Spice/pkg/wallpaper/smart_image_processor.go:360.2,360.28 1 0
github.com/dixieflatline76/Spice/pkg/wallpaper/smart_image_processor.go:360.28,364.3 3 0
github.com/dixieflatline76/Spice/pkg/wallpaper/smart_image_processor.go:365.2,365.28 1 0
github.com/dixieflatline76/Spice/pkg/wallpaper/smart_image_processor.go:365.28,369.3 3 0
github.com/dixieflatline76/Spice/pkg/wallpaper/smart_image_processor.go:370.2,370.28 1 0
github.com/dixieflatline76/Spice/pkg/wallpaper/smart_image_processor.go:370.28,374.3 3 0
github.com/dixieflatline76/Spice/pkg/wallpaper/smart_image_processor.go:376.2,376.43 1 0
github.com/dixieflatline76/Spice/pkg/wallpaper/smart_image_processor.go:386.75,388.2 1 1
github.com/dixieflatline76/Spice/pkg/wallpaper/smart_image_processor.go:391.107,394.12 2 1
github.com/dixieflatline76/Spice/pkg/wallpaper/smart_image_processor.go:394.12,396.3 1 1
github.com/dixieflatline76/Spice/pkg/wallpaper/smart_image_processor.go:398.2,398.9 1 1
github.com/dixieflatline76/Spice/pkg/wallpaper/smart_image_processor.go:399.20,400.13 1 0
github.com/dixieflatline76/Spice/pkg/wallpaper/smart_image_processor.go:401.30,402.16 1 1
github.com/dixieflatline76/Spice/pkg/wallpaper/smart_image_processor.go:406.46,407.9 1 1
github.com/dixieflatline76/Spice/pkg/wallpaper/smart_image_processor.go:408.20,409.19 1 0
github.com/dixieflatline76/Spice/pkg/wallpaper/smart_image_processor.go:410.10,411.13 1 1
github.com/dixieflatline76/Spice/pkg/wallpaper/smart_image_processor.go:416.86,430.20 6 0
github.com/dixieflatline76/Spice/pkg/wallpaper/smart_image_processor.go:430.20,432.3 1 0
github.com/dixieflatline76/Spice/pkg/wallpaper/smart_image_processor.go:434.2,454.27 6 0
github.com/dixieflatline76/Spice/pkg/wallpaper/smart_image_processor.go:454.27,456.19 1 0
github.com/dixieflatline76/Spice/pkg/wallpaper/smart_image_processor.go:456.19,459.43 1 0
github.com/dixieflatline76/Spice/pkg/wallpaper/smart_image_processor.go:459.43,462.5 2 0
github.com/dixieflatline76/Spice/pkg/wallpaper/smart_image_processor.go:466.2,466.12 1 0
github.com/dixieflatline76/Spice/pkg/wallpaper/smart_image_processor.go:466.12,468.3 1 0
github.com/dixieflatline76/Spice/pkg/wallpaper/smart_image_processor.go:472.2,485.21 4 0
github.com/dixieflatline76/Spice/pkg/wallpaper/ui.go:19.58,21.75 2 0
github.com/dixieflatline76/Spice/pkg/wallpaper/ui.go:21.75,23.3 1 0
github.com/dixieflatline76/Spice/pkg/wallpaper/ui.go:24.2,24.75 1 0
github.com/dixieflatline76/Spice/pkg/wallpaper/ui.go:24.75,26.3 1 0
github.com/dixieflatline76/Spice/pkg/wallpaper/ui.go:29.2,29.31 1 0
github.com/dixieflatline76/Spice/pkg/wallpaper/ui.go:29.31,30.20 1 0
github.com/dixieflatline76/Spice/pkg/wallpaper/ui.go:30.20,33.4 2 0
github.com/dixieflatline76/Spice/pkg/wallpaper/ui.go:33.9,36.4 2 0
github.com/dixieflatline76/Spice/pkg/wallpaper/ui.go:39.2,39.85 1 0
github.com/dixieflatline76/Spice/pkg/wallpaper/ui.go:39.85,42.3 2 0
github.com/dixieflatline76/Spice/pkg/wallpaper/ui.go:45.2,51.73 5 0
github.com/dixieflatline76/Spice/pkg/wallpaper/ui.go:51.73,53.3 1 0
github.com/dixieflatline76/Spice/pkg/wallpaper/ui.go:54.2,54.83 1 0
github.com/dixieflatline76/Spice/pkg/wallpaper/ui.go:54.83,56.3 1 0
github.com/dixieflatline76/Spice/pkg/wallpaper/ui.go:58.2,58.14 1 0
github.com/dixieflatline76/Spice/pkg/wallpaper/ui.go:62.79,67.14 3 0
github.com/dixieflatline76/Spice/pkg/wallpaper/ui.go:67.14,69.4 1 0
github.com/dixieflatline76/Spice/pkg/wallpaper/ui.go:70.28,76.4 4 0
github.com/dixieflatline76/Spice/pkg/wallpaper/ui.go:77.36,78.37 1 0
github.com/dixieflatline76/Spice/pkg/wallpaper/ui.go:78.37,80.5 1 0
github.com/dixieflatline76/Spice/pkg/wallpaper/ui.go:82.4,91.22 7 0
github.com/dixieflatline76/Spice/pkg/wallpaper/ui.go:91.22,93.5 1 0
github.com/dixieflatline76/Spice/pkg/wallpaper/ui.go:93.10,96.63 1 0
github.com/dixieflatline76/Spice/pkg/wallpaper/ui.go:96.63,98.6 1 0
github.com/dixieflatline76/Spice/pkg/wallpaper/ui.go:101.4,107.45 5 0
github.com/dixieflatline76/Spice/pkg/wallpaper/ui.go:107.45,109.5 1 0
github.com/dixieflatline76/Spice/pkg/wallpaper/ui.go:109.10,111.5 1 0
github.com/dixieflatline76/Spice/pkg/wallpaper/ui.go:113.4,113.41 1 0
github.com/dixieflatline76/Spice/pkg/wallpaper/ui.go:113.41,114.27 1 0
github.com/dixieflatline76/Spice/pkg/wallpaper/ui.go:114.27,116.52 2 0
github.com/dixieflatline76/Spice/pkg/wallpaper/ui.go:116.52,117.12 1 0
github.com/dixieflatline76/Spice/pkg/wallpaper/ui.go:117.12,118.64 1 0
github.com/dixieflatline76/Spice/pkg/wallpaper/ui.go:118.64,120.9 1 0
github.com/dixieflatline76/Spice/pkg/wallpaper/ui.go:121.13,122.65 1 0
github.com/dixieflatline76/Spice/pkg/wallpaper/ui.go:122.65,124.9 1 0
github.com/dixieflatline76/Spice/pkg/wallpaper/ui.go:126.7,126.37 1 0
github.com/dixieflatline76/Spice/pkg/wallpaper/ui.go:128.6,128.33 1 0
github.com/dixieflatline76/Spice/pkg/wallpaper/ui.go:129.11,134.6 3 0
github.com/dixieflatline76/Spice/pkg/wallpaper/ui.go:135.5,135.38 1 0
github.com/dixieflatline76/Spice/pkg/wallpaper/ui.go:138.4,138.35 1 0
github.com/dixieflatline76/Spice/pkg/wallpaper/ui.go:138.35,139.130 1 0
github.com/dixieflatline76/Spice/pkg/wallpaper/ui.go:139.130,140.11 1 0
github.com/dixieflatline76/Spice/pkg/wallpaper/ui.go:140.11,141.23 1 0
github.com/dixieflatline76/Spice/pkg/wallpaper/ui.go:141.23,144.8 2 0
github.com/dixieflatline76/Spice/pkg/wallpaper/ui.go:146.7,147.63 2 0
github.com/dixieflatline76/Spice/pkg/wallpaper/ui.go:147.63,149.8 1 0
github.com/dixieflatline76/Spice/pkg/wallpaper/ui.go:150.7,150.26 1 0
github.com/dixieflatline76/Spice/pkg/wallpaper/ui.go:154.5,154.13 1 0
github.com/dixieflatline76/Spice/pkg/wallpaper/ui.go:158.2,158.18 1 0
github.com/dixieflatline76/Spice/pkg/wallpaper/ui.go:162.85,169.59 4 0
github.com/dixieflatline76/Spice/pkg/wallpaper/ui.go:169.59,184.49 10 0
github.com/dixieflatline76/Spice/pkg/wallpaper/ui.go:184.49,188.24 3 0
github.com/dixieflatline76/Spice/pkg/wallpaper/ui.go:188.24,189.24 1 0
github.com/dixieflatline76/Spice/pkg/wallpaper/ui.go:189.24,192.6 2 0
github.com/dixieflatline76/Spice/pkg/wallpaper/ui.go:193.5,194.17 2 0
github.com/dixieflatline76/Spice/pkg/wallpaper/ui.go:197.4,197.25 1 0
github.com/dixieflatline76/Spice/pkg/wallpaper/ui.go:197.25,198.25 1 0
github.com/dixieflatline76/Spice/pkg/wallpaper/ui.go:198.25,201.6 2 0
github.com/dixieflatline76/Spice/pkg/wallpaper/ui.go:202.5,203.17 2 0
github.com/dixieflatline76/Spice/pkg/wallpaper/ui.go:206.4,207.18 2 0
github.com/dixieflatline76/Spice/pkg/wallpaper/ui.go:207.18,208.24 1 0
github.com/dixieflatline76/Spice/pkg/wallpaper/ui.go:208.24,211.6 2 0
github.com/dixieflatline76/Spice/pkg/wallpaper/ui.go:212.5,213.17 2 0
github.com/dixieflatline76/Spice/pkg/wallpaper/ui.go:216.4,217.37 2 0
github.com/dixieflatline76/Spice/pkg/wallpaper/ui.go:217.37,218.69 1 0
github.com/dixieflatline76/Spice/pkg/wallpaper/ui.go:218.69,221.6 2 0
github.com/dixieflatline76/Spice/pkg/wallpaper/ui.go:222.5,223.17 2 0
github.com/dixieflatline76/Spice/pkg/wallpaper/ui.go:226.4,229.15 4 0
github.com/dixieflatline76/Spice/pkg/wallpaper/ui.go:232.3,235.79 3 0
github.com/dixieflatline76/Spice/pkg/wallpaper/ui.go:235.79,236.4 1 0
github.com/dixieflatline76/Spice/pkg/wallpaper/ui.go:236.4,237.27 1 0
github.com/dixieflatline76/Spice/pkg/wallpaper/ui.go:237.27,238.25 1 0
github.com/dixieflatline76/Spice/pkg/wallpaper/ui.go:238.25,241.7 2 0
github.com/dixieflatline76/Spice/pkg/wallpaper/ui.go:243.6,243.30 1 0
github.com/dixieflatline76/Spice/pkg/wallpaper/ui.go:243.30,245.7 1 0
github.com/dixieflatline76/Spice/pkg/wallpaper/ui.go:245.12,247.7 1 0
github.com/dixieflatline76/Spice/pkg/wallpaper/ui.go:251.3,267.32 14 0
github.com/dixieflatline76/Spice/pkg/wallpaper/ui.go:267.32,270.18 2 0
github.com/dixieflatline76/Spice/pkg/wallpaper/ui.go:270.18,275.5 4 0
github.com/dixieflatline76/Spice/pkg/wallpaper/ui.go:277.4,278.18 2 0
github.com/dixieflatline76/Spice/pkg/wallpaper/ui.go:278.18,283.5 4 0
github.com/dixieflatline76/Spice/pkg/wallpaper/ui.go:286.4,287.18 2 0
github.com/dixieflatline76/Spice/pkg/wallpaper/ui.go:287.18,292.5 4 0
github.com/dixieflatline76/Spice/pkg/wallpaper/ui.go:294.4,297.26 3 0
github.com/dixieflatline76/Spice/pkg/wallpaper/ui.go:297.26,300.5 2 0
github.com/dixieflatline76/Spice/pkg/wallpaper/ui.go:301.4,302.22 2 0
github.com/dixieflatline76/Spice/pkg/wallpaper/ui.go:305.3,305.34 1 0
github.com/dixieflatline76/Spice/pkg/wallpaper/ui.go:305.34,308.4 2 0
github.com/dixieflatline76/Spice/pkg/wallpaper/ui.go:310.3,311.22 2 0
github.com/dixieflatline76/Spice/pkg/wallpaper/ui.go:314.2,319.20 6 0
github.com/dixieflatline76/Spice/pkg/wallpaper/ui.go:323.84,328.14 3 0
github.com/dixieflatline76/Spice/pkg/wallpaper/ui.go:328.14,330.4 1 0
github.com/dixieflatline76/Spice/pkg/wallpaper/ui.go:331.28,337.4 4 0
github.com/dixieflatline76/Spice/pkg/wallpaper/ui.go:338.36,339.40 1 0
github.com/dixieflatline76/Spice/pkg/wallpaper/ui.go:339.40,341.5 1 0
github.com/dixieflatline76/Spice/pkg/wallpaper/ui.go:343.4,353.50 6 0
github.com/dixieflatline76/Spice/pkg/wallpaper/ui.go:353.50,355.5 1 0
github.com/dixieflatline76/Spice/pkg/wallpaper/ui.go:355.10,356.63 1 0
github.com/dixieflatline76/Spice/pkg/wallpaper/ui.go:356.63,358.6 1 0
github.com/dixieflatline76/Spice/pkg/wallpaper/ui.go:361.4,367.45 5 0
github.com/dixieflatline76/Spice/pkg/wallpaper/ui.go:367.45,369.5 1 0
github.com/dixieflatline76/Spice/pkg/wallpaper/ui.go:369.10,371.5 1 0
github.com/dixieflatline76/Spice/pkg/wallpaper/ui.go:373.4,373.41 1 0
github.com/dixieflatline76/Spice/pkg/wallpaper/ui.go:373.41,374.27 1 0
github.com/dixieflatline76/Spice/pkg/wallpaper/ui.go:374.27,376.52 2 0
github.com/dixieflatline76/Spice/pkg/wallpaper/ui.go:376.52,377.12 1 0
github.com/dixieflatline76/Spice/pkg/wallpaper/ui.go:377.12,378.67 1 0
github.com/dixieflatline76/Spice/pkg/wallpaper/ui.go:378.67,380.9 1 0
github.com/dixieflatline76/Spice/pkg/wallpaper/ui.go:381.13,382.68 1 0
github.com/dixieflatline76/Spice/pkg/wallpaper/ui.go:382.68,384.9 1 0
github.com/dixieflatline76/Spice/pkg/wallpaper/ui.go:386.7,386.37 1 0
github.com/dixieflatline76/Spice/pkg/wallpaper/ui.go:388.6,388.33 1 0
github.com/dixieflatline76/Spice/pkg/wallpaper/ui.go:389.11,394.6 3 0
github.com/dixieflatline76/Spice/pkg/wallpaper/ui.go:395.5,395.38 1 0
github.com/dixieflatline76/Spice/pkg/wallpaper/ui.go:398.4,398.35 1 0
github.com/dixieflatline76/Spice/pkg/wallpaper/ui.go:398.35,399.130 1 0
github.com/dixieflatline76/Spice/pkg/wallpaper/ui.go:399.130,400.11 1 0
github.com/dixieflatline76/Spice/pkg/wallpaper/ui.go:400.11,401.23 1 0
github.com/dixieflatline76/Spice/pkg/wallpaper/ui.go:401.23,404.8 2 0
github.com/dixieflatline76/Spice/pkg/wallpaper/ui.go:406.7,407.66 2 0
github.com/dixieflatline76/Spice/pkg/wallpaper/ui.go:407.66,409.8 1 0
github.com/dixieflatline76/Spice/pkg/wallpaper/ui.go:410.7,410.26 1 0
github.com/dixieflatline76/Spice/pkg/wallpaper/ui.go:414.5,414.13 1 0
github.com/dixieflatline76/Spice/pkg/wallpaper/ui.go:418.2,418.18 1 0
github.com/dixieflatline76/Spice/pkg/wallpaper/ui.go:422.88,429.58 4 0
github.com/dixieflatline76/Spice/pkg/wallpaper/ui.go:429.58,444.49 10 0
github.com/dixieflatline76/Spice/pkg/wallpaper/ui.go:444.49,446.27 1 0
github.com/dixieflatline76/Spice/pkg/wallpaper/ui.go:446.27,448.5 1 0
github.com/dixieflatline76/Spice/pkg/wallpaper/ui.go:449.4,449.28 1 0
github.com/dixieflatline76/Spice/pkg/wallpaper/ui.go:449.28,451.5 1 0
github.com/dixieflatline76/Spice/pkg/wallpaper/ui.go:458.4,459.11 2 0
github.com/dixieflatline76/Spice/pkg/wallpaper/ui.go:459.11,464.5 4 0
github.com/dixieflatline76/Spice/pkg/wallpaper/ui.go:466.4,467.18 2 0
github.com/dixieflatline76/Spice/pkg/wallpaper/ui.go:467.18,468.24 1 0
github.com/dixieflatline76/Spice/pkg/wallpaper/ui.go:468.24,471.6 2 0
github.com/dixieflatline76/Spice/pkg/wallpaper/ui.go:472.5,473.17 2 0
github.com/dixieflatline76/Spice/pkg/wallpaper/ui.go:480.4,481.37 2 0
github.com/dixieflatline76/Spice/pkg/wallpaper/ui.go:481.37,482.69 1 0
github.com/dixieflatline76/Spice/pkg/wallpaper/ui.go:482.69,485.6 2 0
github.com/dixieflatline76/Spice/pkg/wallpaper/ui.go:486.5,487.17 2 0
github.com/dixieflatline76/Spice/pkg/wallpaper/ui.go:490.4,493.15 4 0
github.com/dixieflatline76/Spice/pkg/wallpaper/ui.go:496.3,496.39 1 0
github.com/dixieflatline76/Spice/pkg/wallpaper/ui.go:496.39,497.31 1 0
github.com/dixieflatline76/Spice/pkg/wallpaper/ui.go:497.31,499.5 1 0
github.com/dixieflatline76/Spice/pkg/wallpaper/ui.go:499.10,501.5 1 0
github.com/dixieflatline76/Spice/pkg/wallpaper/ui.go:503.3,503.40 1 0
github.com/dixieflatline76/Spice/pkg/wallpaper/ui.go:503.40,504.32 1 0
github.com/dixieflatline76/Spice/pkg/wallpaper/ui.go:504.32,506.5 1 0
github.com/dixieflatline76/Spice/pkg/wallpaper/ui.go:506.10,508.5 1 0
github.com/dixieflatline76/Spice/pkg/wallpaper/ui.go:511.3,524.32 12 0
github.com/dixieflatline76/Spice/pkg/wallpaper/ui.go:524.32,526.18 2 0
github.com/dixieflatline76/Spice/pkg/wallpaper/ui.go:526.18,531.5 4 0
github.com/dixieflatline76/Spice/pkg/wallpaper/ui.go:533.4,536.26 3 0
github.com/dixieflatline76/Spice/pkg/wallpaper/ui.go:536.26,539.5 2 0
github.com/dixieflatline76/Spice/pkg/wallpaper/ui.go:540.4,541.22 2 0
github.com/dixieflatline76/Spice/pkg/wallpaper/ui.go:544.3,544.34 1 0
github.com/dixieflatline76/Spice/pkg/wallpaper/ui.go:544.34,547.4 2 0
github.com/dixieflatline76/Spice/pkg/wallpaper/ui.go:549.3,550.22 2 0
github.com/dixieflatline76/Spice/pkg/wallpaper/ui.go:553.2,558.20 6 0
github.com/dixieflatline76/Spice/pkg/wallpaper/ui.go:562.80,577.52 4 0
github.com/dixieflatline76/Spice/pkg/wallpaper/ui.go:577.52,582.3 4 0
github.com/dixieflatline76/Spice/pkg/wallpaper/ui.go:583.2,593.52 3 0
github.com/dixieflatline76/Spice/pkg/wallpaper/ui.go:593.52,597.3 3 0
github.com/dixieflatline76/Spice/pkg/wallpaper/ui.go:598.2,608.42 3 0
github.com/dixieflatline76/Spice/pkg/wallpaper/ui.go:608.42,612.3 3 0
github.com/dixieflatline76/Spice/pkg/wallpaper/ui.go:613.2,625.27 4 0
github.com/dixieflatline76/Spice/pkg/wallpaper/ui.go:625.27,627.9 2 0
github.com/dixieflatline76/Spice/pkg/wallpaper/ui.go:627.9,630.5 2 0
github.com/dixieflatline76/Spice/pkg/wallpaper/ui.go:631.4,631.35 1 0
github.com/dixieflatline76/Spice/pkg/wallpaper/ui.go:637.2,642.27 1 0
github.com/dixieflatline76/Spice/pkg/wallpaper/ui.go:642.27,644.9 2 0
github.com/dixieflatline76/Spice/pkg/wallpaper/ui.go:644.9,647.5 2 0
github.com/dixieflatline76/Spice/pkg/wallpaper/ui.go:648.4,648.36 1 0
github.com/dixieflatline76/Spice/pkg/wallpaper/ui.go:654.2,671.41 9 0
github.com/dixieflatline76/Spice/pkg/wallpaper/ui.go:671.41,673.8 2 0
github.com/dixieflatline76/Spice/pkg/wallpaper/ui.go:673.8,676.4 2 0
github.com/dixieflatline76/Spice/pkg/wallpaper/ui.go:677.3,677.37 1 0
github.com/dixieflatline76/Spice/pkg/wallpaper/ui.go:677.37,679.4 1 0
github.com/dixieflatline76/Spice/pkg/wallpaper/ui.go:682.2,682.42 1 0
github.com/dixieflatline76/Spice/pkg/wallpaper/ui.go:682.42,684.8 2 0
github.com/dixieflatline76/Spice/pkg/wallpaper/ui.go:684.8,687.4 2 0
github.com/dixieflatline76/Spice/pkg/wallpaper/ui.go:688.3,688.38 1 0
github.com/dixieflatline76/Spice/pkg/wallpaper/ui.go:688.38,690.4 1 0
github.com/dixieflatline76/Spice/pkg/wallpaper/ui.go:694.2,694.27 1 0
github.com/dixieflatline76/Spice/pkg/wallpaper/ui.go:694.27,697.3 2 0
github.com/dixieflatline76/Spice/pkg/wallpaper/ui.go:699.2,699.42 1 0
github.com/dixieflatline76/Spice/pkg/wallpaper/ui.go:699.42,700.8 1 0
github.com/dixieflatline76/Spice/pkg/wallpaper/ui.go:700.8,703.4 2 0
github.com/dixieflatline76/Spice/pkg/wallpaper/ui.go:703.9,708.4 4 0
github.com/dixieflatline76/Spice/pkg/wallpaper/ui.go:712.2,719.47 2 0
github.com/dixieflatline76/Spice/pkg/wallpaper/ui.go:719.47,722.3 2 0
github.com/dixieflatline76/Spice/pkg/wallpaper/ui.go:723.2,733.48 3 0
github.com/dixieflatline76/Spice/pkg/wallpaper/ui.go:733.48,736.8 3 0
github.com/dixieflatline76/Spice/pkg/wallpaper/ui.go:736.8,738.4 1 0
github.com/dixieflatline76/Spice/pkg/wallpaper/ui.go:738.9,740.4 1 0
github.com/dixieflatline76/Spice/pkg/wallpaper/ui.go:742.2,771.51 7 0
github.com/dixieflatline76/Spice/pkg/wallpaper/ui.go:771.51,774.3 2 0
github.com/dixieflatline76/Spice/pkg/wallpaper/ui.go:775.2,792.25 7 0
github.com/dixieflatline76/Spice/pkg/wallpaper/ui.go:792.25,793.38 1 0
github.com/dixieflatline76/Spice/pkg/wallpaper/ui.go:793.38,797.4 3 0
github.com/dixieflatline76/Spice/pkg/wallpaper/ui.go:797.9,801.4 3 0
github.com/dixieflatline76/Spice/pkg/wallpaper/ui.go:804.2,804.59 1 0
github.com/dixieflatline76/Spice/pkg/wallpaper/ui.go:804.59,808.13 3 0
github.com/dixieflatline76/Spice/pkg/wallpaper/ui.go:808.13,810.57 2 0
github.com/dixieflatline76/Spice/pkg/wallpaper/ui.go:810.57,814.5 3 0
github.com/dixieflatline76/Spice/pkg/wallpaper/ui.go:814.10,817.5 2 0
github.com/dixieflatline76/Spice/pkg/wallpaper/ui.go:818.4,819.18 2 0
github.com/dixieflatline76/Spice/pkg/wallpaper/ui.go:823.2,856.28 11 0
github.com/dixieflatline76/Spice/pkg/wallpaper/ui.go:856.28,863.24 5 0
github.com/dixieflatline76/Spice/pkg/wallpaper/ui.go:863.24,869.17 4 0
github.com/dixieflatline76/Spice/pkg/wallpaper/ui.go:869.17,871.5 1 0
github.com/dixieflatline76/Spice/pkg/wallpaper/ui.go:871.10,873.5 1 0
github.com/dixieflatline76/Spice/pkg/wallpaper/ui.go:876.4,879.52 2 0
github.com/dixieflatline76/Spice/pkg/wallpaper/ui.go:879.52,880.18 1 0
github.com/dixieflatline76/Spice/pkg/wallpaper/ui.go:880.18,885.6 3 0
github.com/dixieflatline76/Spice/pkg/wallpaper/ui.go:885.11,887.27 1 0
github.com/dixieflatline76/Spice/pkg/wallpaper/ui.go:887.27,889.7 1 0
github.com/dixieflatline76/Spice/pkg/wallpaper/ui.go:891.5,891.23 1 0
github.com/dixieflatline76/Spice/pkg/wallpaper/ui.go:893.4,897.17 4 0
github.com/dixieflatline76/Spice/pkg/wallpaper/ui.go:897.17,901.5 3 0
github.com/dixieflatline76/Spice/pkg/wallpaper/ui.go:901.10,902.18 1 0
github.com/dixieflatline76/Spice/pkg/wallpaper/ui.go:902.18,904.6 1 0
github.com/dixieflatline76/Spice/pkg/wallpaper/ui.go:904.11,906.6 1 0
github.com/dixieflatline76/Spice/pkg/wallpaper/ui.go:914.3,917.31 3 0
github.com/dixieflatline76/Spice/pkg/wallpaper/ui.go:921.2,925.70 2 0
github.com/dixieflatline76/Spice/pkg/wallpaper/ui.go:925.70,927.24 1 0
github.com/dixieflatline76/Spice/pkg/wallpaper/ui.go:927.24,929.4 1 0
github.com/dixieflatline76/Spice/pkg/wallpaper/ui.go:930.3,930.21 1 0
github.com/dixieflatline76/Spice/pkg/wallpaper/ui.go:933.2,940.47 3 0
github.com/dixieflatline76/Spice/pkg/wallpaper/unsplash.go:20.78,25.2 1 1
github.com/dixieflatline76/Spice/pkg/wallpaper/unsplash.go:27.42,29.2 1 1
github.com/dixieflatline76/Spice/pkg/wallpaper/unsplash.go:35.68,37.16 2 1
github.com/dixieflatline76/Spice/pkg/wallpaper/unsplash.go:37.16,39.3 1 0
github.com/dixieflatline76/Spice/pkg/wallpaper/unsplash.go:41.2,41.47 1 1
github.com/dixieflatline76/Spice/pkg/wallpaper/unsplash.go:41.47,43.3 1 1
github.com/dixieflatline76/Spice/pkg/wallpaper/unsplash.go:45.2,46.25 2 1
github.com/dixieflatline76/Spice/pkg/wallpaper/unsplash.go:46.25,48.3 1 0
github.com/dixieflatline76/Spice/pkg/wallpaper/unsplash.go:50.2,57.76 3 1
github.com/dixieflatline76/Spice/pkg/wallpaper/unsplash.go:57.76,61.3 2 1
github.com/dixieflatline76/Spice/pkg/wallpaper/unsplash.go:61.8,61.65 1 1
github.com/dixieflatline76/Spice/pkg/wallpaper/unsplash.go:61.65,65.3 2 1
github.com/dixieflatline76/Spice/pkg/wallpaper/unsplash.go:65.8,67.3 1 0
github.com/dixieflatline76/Spice/pkg/wallpaper/unsplash.go:69.2,70.29 2 1
github.com/dixieflatline76/Spice/pkg/wallpaper/unsplash.go:74.84,76.16 2 1
github.com/dixieflatline76/Spice/pkg/wallpaper/unsplash.go:76.16,78.3 1 0
github.com/dixieflatline76/Spice/pkg/wallpaper/unsplash.go:82.2,82.48 1 1
github.com/dixieflatline76/Spice/pkg/wallpaper/unsplash.go:82.48,84.28 2 1
github.com/dixieflatline76/Spice/pkg/wallpaper/unsplash.go:84.28,85.22 1 1
github.com/dixieflatline76/Spice/pkg/wallpaper/unsplash.go:85.22,87.5 1 1
github.com/dixieflatline76/Spice/pkg/wallpaper/unsplash.go:87.10,87.29 1 1
github.com/dixieflatline76/Spice/pkg/wallpaper/unsplash.go:87.29,89.5 1 1
github.com/dixieflatline76/Spice/pkg/wallpaper/unsplash.go:91.4,92.21 2 1
github.com/dixieflatline76/Spice/pkg/wallpaper/unsplash.go:96.2,96.15 1 1
github.com/dixieflatline76/Spice/pkg/wallpaper/unsplash.go:100.103,102.16 2 1
github.com/dixieflatline76/Spice/pkg/wallpaper/unsplash.go:102.16,104.3 1 0
github.com/dixieflatline76/Spice/pkg/wallpaper/unsplash.go:106.2,113.16 7 1
github.com/dixieflatline76/Spice/pkg/wallpaper/unsplash.go:113.16,115.3 1 0
github.com/dixieflatline76/Spice/pkg/wallpaper/unsplash.go:117.2,120.16 3 1
github.com/dixieflatline76/Spice/pkg/wallpaper/unsplash.go:120.16,122.3 1 0
github.com/dixieflatline76/Spice/pkg/wallpaper/unsplash.go:123.2,125.38 2 1
github.com/dixieflatline76/Spice/pkg/wallpaper/unsplash.go:125.38,128.3 2 0
github.com/dixieflatline76/Spice/pkg/wallpaper/unsplash.go:130.2,135.48 2 1
github.com/dixieflatline76/Spice/pkg/wallpaper/unsplash.go:135.48,137.72 2 1
github.com/dixieflatline76/Spice/pkg/wallpaper/unsplash.go:137.72,139.4 1 0
github.com/dixieflatline76/Spice/pkg/wallpaper/unsplash.go:140.3,140.43 1 1
github.com/dixieflatline76/Spice/pkg/wallpaper/unsplash.go:140.43,142.4 1 1
github.com/dixieflatline76/Spice/pkg/wallpaper/unsplash.go:143.8,145.70 2 0
github.com/dixieflatline76/Spice/pkg/wallpaper/unsplash.go:145.70,147.4 1 0
github.com/dixieflatline76/Spice/pkg/wallpaper/unsplash.go:148.3,148.33 1 0
github.com/dixieflatline76/Spice/pkg/wallpaper/unsplash.go:148.33,150.4 1 0
github.com/dixieflatline76/Spice/pkg/wallpaper/unsplash.go:153.2,153.20 1 1
github.com/dixieflatline76/Spice/pkg/wallpaper/unsplash.go:156.69,165.2 1 1
github.com/dixieflatline76/Spice/pkg/wallpaper/wallhaven.go:20.80,25.2 1 0
github.com/dixieflatline76/Spice/pkg/wallpaper/wallhaven.go:27.43,29.2 1 0
github.com/dixieflatline76/Spice/pkg/wallpaper/wallhaven.go:32.69,37.9 3 0
github.com/dixieflatline76/Spice/pkg/wallpaper/wallhaven.go:38.50,41.75 2 0
github.com/dixieflatline76/Spice/pkg/wallpaper/wallhaven.go:43.43,47.44 3 0
github.com/dixieflatline76/Spice/pkg/wallpaper/wallhaven.go:47.44,49.4 1 0
github.com/dixieflatline76/Spice/pkg/wallpaper/wallhaven.go:49.9,51.4 1 0
github.com/dixieflatline76/Spice/pkg/wallpaper/wallhaven.go:53.50,54.23 1 0
github.com/dixieflatline76/Spice/pkg/wallpaper/wallhaven.go:56.46,57.23 1 0
github.com/dixieflatline76/Spice/pkg/wallpaper/wallhaven.go:59.10,60.82 1 0
github.com/dixieflatline76/Spice/pkg/wallpaper/wallhaven.go:64.2,65.21 2 0
github.com/dixieflatline76/Spice/pkg/wallpaper/wallhaven.go:65.21,67.3 1 0
github.com/dixieflatline76/Spice/pkg/wallpaper/wallhaven.go:68.2,71.21 3 0
github.com/dixieflatline76/Spice/pkg/wallpaper/wallhaven.go:71.21,74.3 2 0
github.com/dixieflatline76/Spice/pkg/wallpaper/wallhaven.go:76.2,76.19 1 0
github.com/dixieflatline76/Spice/pkg/wallpaper/wallhaven.go:76.19,79.3 2 0
github.com/dixieflatline76/Spice/pkg/wallpaper/wallhaven.go:81.2,81.19 1 0
github.com/dixieflatline76/Spice/pkg/wallpaper/wallhaven.go:81.19,83.3 1 0
github.com/dixieflatline76/Spice/pkg/wallpaper/wallhaven.go:84.2,84.32 1 0
github.com/dixieflatline76/Spice/pkg/wallpaper/wallhaven.go:88.85,90.16 2 1
github.com/dixieflatline76/Spice/pkg/wallpaper/wallhaven.go:90.16,92.3 1 0
github.com/dixieflatline76/Spice/pkg/wallpaper/wallhaven.go:94.2,96.68 2 1
github.com/dixieflatline76/Spice/pkg/wallpaper/wallhaven.go:96.68,100.3 3 1
github.com/dixieflatline76/Spice/pkg/wallpaper/wallhaven.go:102.2,102.15 1 1
github.com/dixieflatline76/Spice/pkg/wallpaper/wallhaven.go:106.104,108.16 2 0
github.com/dixieflatline76/Spice/pkg/wallpaper/wallhaven.go:108.16,110.3 1 0
github.com/dixieflatline76/Spice/pkg/wallpaper/wallhaven.go:112.2,130.16 6 0
github.com/dixieflatline76/Spice/pkg/wallpaper/wallhaven.go:130.16,132.3 1 0
github.com/dixieflatline76/Spice/pkg/wallpaper/wallhaven.go:134.2,135.16 2 0
github.com/dixieflatline76/Spice/pkg/wallpaper/wallhaven.go:135.16,137.3 1 0
github.com/dixieflatline76/Spice/pkg/wallpaper/wallhaven.go:138.2,140.38 2 0
github.com/dixieflatline76/Spice/pkg/wallpaper/wallhaven.go:140.38,142.3 1 0
github.com/dixieflatline76/Spice/pkg/wallpaper/wallhaven.go:144.2,145.16 2 0
github.com/dixieflatline76/Spice/pkg/wallpaper/wallhaven.go:145.16,147.3 1 0
github.com/dixieflatline76/Spice/pkg/wallpaper/wallhaven.go:149.2,150.55 2 0
github.com/dixieflatline76/Spice/pkg/wallpaper/wallhaven.go:150.55,152.3 1 0
github.com/dixieflatline76/Spice/pkg/wallpaper/wallhaven.go:154.2,155.37 2 0
github.com/dixieflatline76/Spice/pkg/wallpaper/wallhaven.go:155.37,164.3 1 0
github.com/dixieflatline76/Spice/pkg/wallpaper/wallhaven.go:166.2,166.20 1 0
github.com/dixieflatline76/Spice/pkg/wallpaper/wallpaper.go:89.26,90.19 1 1
github.com/dixieflatline76/Spice/pkg/wallpaper/wallpaper.go:90.19,110.17 6 1
github.com/dixieflatline76/Spice/pkg/wallpaper/wallpaper.go:110.17,112.4 1 0
github.com/dixieflatline76/Spice/pkg/wallpaper/wallpaper.go:112.9,115.18 3 1
github.com/dixieflatline76/Spice/pkg/wallpaper/wallpaper.go:115.18,118.5 2 0
github.com/dixieflatline76/Spice/pkg/wallpaper/wallpaper.go:122.3,151.54 2 1
github.com/dixieflatline76/Spice/pkg/wallpaper/wallpaper.go:153.2,153.19 1 1
github.com/dixieflatline76/Spice/pkg/wallpaper/wallpaper.go:157.50,170.59 6 0
github.com/dixieflatline76/Spice/pkg/wallpaper/wallpaper.go:170.59,172.3 1 0
github.com/dixieflatline76/Spice/pkg/wallpaper/wallpaper.go:174.2,174.138 1 0
github.com/dixieflatline76/Spice/pkg/wallpaper/wallpaper.go:178.33,180.2 1 0
github.com/dixieflatline76/Spice/pkg/wallpaper/wallpaper.go:183.36,188.22 4 1
github.com/dixieflatline76/Spice/pkg/wallpaper/wallpaper.go:188.22,191.3 2 0
github.com/dixieflatline76/Spice/pkg/wallpaper/wallpaper.go:192.2,195.15 3 1
github.com/dixieflatline76/Spice/pkg/wallpaper/wallpaper.go:195.15,199.3 3 0
github.com/dixieflatline76/Spice/pkg/wallpaper/wallpaper.go:203.38,214.16 9 1
github.com/dixieflatline76/Spice/pkg/wallpaper/wallpaper.go:214.16,216.3 1 0
github.com/dixieflatline76/Spice/pkg/wallpaper/wallpaper.go:220.43,228.78 5 0
github.com/dixieflatline76/Spice/pkg/wallpaper/wallpaper.go:228.78,232.13 3 0
github.com/dixieflatline76/Spice/pkg/wallpaper/wallpaper.go:232.13,234.11 2 0
github.com/dixieflatline76/Spice/pkg/wallpaper/wallpaper.go:235.24,235.24 0 0
github.com/dixieflatline76/Spice/pkg/wallpaper/wallpaper.go:236.12,237.83 1 0
github.com/dixieflatline76/Spice/pkg/wallpaper/wallpaper.go:241.3,241.10 1 0
github.com/dixieflatline76/Spice/pkg/wallpaper/wallpaper.go:242.22,243.14 1 0
github.com/dixieflatline76/Spice/pkg/wallpaper/wallpaper.go:244.38,246.18 2 0
github.com/dixieflatline76/Spice/pkg/wallpaper/wallpaper.go:250.2,253.6 3 0
github.com/dixieflatline76/Spice/pkg/wallpaper/wallpaper.go:253.6,254.10 1 0
github.com/dixieflatline76/Spice/pkg/wallpaper/wallpaper.go:255.26,256.68 1 0
github.com/dixieflatline76/Spice/pkg/wallpaper/wallpaper.go:257.32,259.10 2 0
github.com/dixieflatline76/Spice/pkg/wallpaper/wallpaper.go:265.98,270.20 4 0
github.com/dixieflatline76/Spice/pkg/wallpaper/wallpaper.go:270.20,273.66 2 0
github.com/dixieflatline76/Spice/pkg/wallpaper/wallpaper.go:273.66,276.4 2 0
github.com/dixieflatline76/Spice/pkg/wallpaper/wallpaper.go:276.9,276.34 1 0
github.com/dixieflatline76/Spice/pkg/wallpaper/wallpaper.go:276.34,280.4 3 0
github.com/dixieflatline76/Spice/pkg/wallpaper/wallpaper.go:283.2,283.29 1 0
github.com/dixieflatline76/Spice/pkg/wallpaper/wallpaper.go:283.29,284.17 1 0
github.com/dixieflatline76/Spice/pkg/wallpaper/wallpaper.go:284.17,287.4 2 0
github.com/dixieflatline76/Spice/pkg/wallpaper/wallpaper.go:290.2,290.15 1 0
github.com/dixieflatline76/Spice/pkg/wallpaper/wallpaper.go:290.15,294.31 2 0
github.com/dixieflatline76/Spice/pkg/wallpaper/wallpaper.go:294.31,297.4 2 0
github.com/dixieflatline76/Spice/pkg/wallpaper/wallpaper.go:298.3,307.31 7 0
github.com/dixieflatline76/Spice/pkg/wallpaper/wallpaper.go:310.2,310.23 1 0
github.com/dixieflatline76/Spice/pkg/wallpaper/wallpaper.go:314.45,321.16 5 0
github.com/dixieflatline76/Spice/pkg/wallpaper/wallpaper.go:321.16,324.3 2 0
github.com/dixieflatline76/Spice/pkg/wallpaper/wallpaper.go:326.2,327.16 2 0
github.com/dixieflatline76/Spice/pkg/wallpaper/wallpaper.go:327.16,330.3 2 0
github.com/dixieflatline76/Spice/pkg/wallpaper/wallpaper.go:331.2,333.53 2 0
github.com/dixieflatline76/Spice/pkg/wallpaper/wallpaper.go:333.53,335.3 1 0
github.com/dixieflatline76/Spice/pkg/wallpaper/wallpaper.go:337.2,338.14 2 0
github.com/dixieflatline76/Spice/pkg/wallpaper/wallpaper.go:342.39,345.41 3 1
github.com/dixieflatline76/Spice/pkg/wallpaper/wallpaper.go:345.41,347.3 1 1
github.com/dixieflatline76/Spice/pkg/wallpaper/wallpaper.go:349.2,364.32 13 1
github.com/dixieflatline76/Spice/pkg/wallpaper/wallpaper.go:364.32,365.19 1 1
github.com/dixieflatline76/Spice/pkg/wallpaper/wallpaper.go:365.19,367.26 2 1
github.com/dixieflatline76/Spice/pkg/wallpaper/wallpaper.go:367.26,370.5 2 1
github.com/dixieflatline76/Spice/pkg/wallpaper/wallpaper.go:372.4,372.55 1 1
github.com/dixieflatline76/Spice/pkg/wallpaper/wallpaper.go:375.2,383.27 7 1
github.com/dixieflatline76/Spice/pkg/wallpaper/wallpaper.go:389.89,395.33 4 1
github.com/dixieflatline76/Spice/pkg/wallpaper/wallpaper.go:395.33,397.17 2 1
github.com/dixieflatline76/Spice/pkg/wallpaper/wallpaper.go:397.17,399.9 2 1
github.com/dixieflatline76/Spice/pkg/wallpaper/wallpaper.go:403.2,403.21 1 1
github.com/dixieflatline76/Spice/pkg/wallpaper/wallpaper.go:403.21,406.3 2 0
github.com/dixieflatline76/Spice/pkg/wallpaper/wallpaper.go:409.2,409.55 1 1
github.com/dixieflatline76/Spice/pkg/wallpaper/wallpaper.go:409.55,411.17 2 0
github.com/dixieflatline76/Spice/pkg/wallpaper/wallpaper.go:411.17,414.4 2 0
github.com/dixieflatline76/Spice/pkg/wallpaper/wallpaper.go:414.9,416.4 1 0
github.com/dixieflatline76/Spice/pkg/wallpaper/wallpaper.go:419.2,420.16 2 1
github.com/dixieflatline76/Spice/pkg/wallpaper/wallpaper.go:420.16,421.23 1 0
github.com/dixieflatline76/Spice/pkg/wallpaper/wallpaper.go:421.23,424.4 2 0
github.com/dixieflatline76/Spice/pkg/wallpaper/wallpaper.go:425.3,426.9 2 0
github.com/dixieflatline76/Spice/pkg/wallpaper/wallpaper.go:429.2,429.29 1 1
github.com/dixieflatline76/Spice/pkg/wallpaper/wallpaper.go:429.29,430.47 1 1
github.com/dixieflatline76/Spice/pkg/wallpaper/wallpaper.go:430.47,433.4 2 0
github.com/dixieflatline76/Spice/pkg/wallpaper/wallpaper.go:434.3,434.29 1 1
github.com/dixieflatline76/Spice/pkg/wallpaper/wallpaper.go:439.65,440.31 1 1
github.com/dixieflatline76/Spice/pkg/wallpaper/wallpaper.go:440.31,442.3 1 0
github.com/dixieflatline76/Spice/pkg/wallpaper/wallpaper.go:444.2,445.55 2 1
github.com/dixieflatline76/Spice/pkg/wallpaper/wallpaper.go:445.55,453.3 6 0
github.com/dixieflatline76/Spice/pkg/wallpaper/wallpaper.go:455.2,456.16 2 1
github.com/dixieflatline76/Spice/pkg/wallpaper/wallpaper.go:456.16,459.3 2 0
github.com/dixieflatline76/Spice/pkg/wallpaper/wallpaper.go:461.2,462.16 2 1
github.com/dixieflatline76/Spice/pkg/wallpaper/wallpaper.go:462.16,463.83 1 0
github.com/dixieflatline76/Spice/pkg/wallpaper/wallpaper.go:463.83,465.4 1 0
github.com/dixieflatline76/Spice/pkg/wallpaper/wallpaper.go:465.9,467.4 1 0
github.com/dixieflatline76/Spice/pkg/wallpaper/wallpaper.go:468.3,468.9 1 0
github.com/dixieflatline76/Spice/pkg/wallpaper/wallpaper.go:470.2,473.16 3 1
github.com/dixieflatline76/Spice/pkg/wallpaper/wallpaper.go:473.16,476.3 2 0
github.com/dixieflatline76/Spice/pkg/wallpaper/wallpaper.go:478.2,478.29 1 1
github.com/dixieflatline76/Spice/pkg/wallpaper/wallpaper.go:478.29,481.17 3 0
github.com/dixieflatline76/Spice/pkg/wallpaper/wallpaper.go:481.17,484.4 2 0
github.com/dixieflatline76/Spice/pkg/wallpaper/wallpaper.go:486.3,487.17 2 0
github.com/dixieflatline76/Spice/pkg/wallpaper/wallpaper.go:487.17,490.4 2 0
github.com/dixieflatline76/Spice/pkg/wallpaper/wallpaper.go:492.3,493.17 2 0
github.com/dixieflatline76/Spice/pkg/wallpaper/wallpaper.go:493.17,496.4 2 0
github.com/dixieflatline76/Spice/pkg/wallpaper/wallpaper.go:497.3,497.31 1 0
github.com/dixieflatline76/Spice/pkg/wallpaper/wallpaper.go:498.8,500.3 1 1
github.com/dixieflatline76/Spice/pkg/wallpaper/wallpaper.go:502.2,503.16 2 1
github.com/dixieflatline76/Spice/pkg/wallpaper/wallpaper.go:503.16,506.3 2 0
github.com/dixieflatline76/Spice/pkg/wallpaper/wallpaper.go:507.2,509.51 2 1
github.com/dixieflatline76/Spice/pkg/wallpaper/wallpaper.go:509.51,512.3 2 0
github.com/dixieflatline76/Spice/pkg/wallpaper/wallpaper.go:514.2,517.27 4 1
github.com/dixieflatline76/Spice/pkg/wallpaper/wallpaper.go:521.45,522.29 1 1
github.com/dixieflatline76/Spice/pkg/wallpaper/wallpaper.go:522.29,523.34 1 0
github.com/dixieflatline76/Spice/pkg/wallpaper/wallpaper.go:523.34,525.4 1 0
github.com/dixieflatline76/Spice/pkg/wallpaper/wallpaper.go:526.3,526.35 1 0
github.com/dixieflatline76/Spice/pkg/wallpaper/wallpaper.go:526.35,528.4 1 0
github.com/dixieflatline76/Spice/pkg/wallpaper/wallpaper.go:529.3,529.55 1 0
github.com/dixieflatline76/Spice/pkg/wallpaper/wallpaper.go:531.2,531.25 1 1
github.com/dixieflatline76/Spice/pkg/wallpaper/wallpaper.go:535.50,539.31 3 1
github.com/dixieflatline76/Spice/pkg/wallpaper/wallpaper.go:539.31,543.3 3 0
github.com/dixieflatline76/Spice/pkg/wallpaper/wallpaper.go:545.2,549.68 4 1
github.com/dixieflatline76/Spice/pkg/wallpaper/wallpaper.go:549.68,551.3 1 0
github.com/dixieflatline76/Spice/pkg/wallpaper/wallpaper.go:553.2,558.28 5 1
github.com/dixieflatline76/Spice/pkg/wallpaper/wallpaper.go:558.28,561.3 2 0
github.com/dixieflatline76/Spice/pkg/wallpaper/wallpaper.go:563.2,563.54 1 1
github.com/dixieflatline76/Spice/pkg/wallpaper/wallpaper.go:563.54,566.3 2 0
github.com/dixieflatline76/Spice/pkg/wallpaper/wallpaper.go:568.2,572.30 5 1
github.com/dixieflatline76/Spice/pkg/wallpaper/wallpaper.go:572.30,575.3 1 0
github.com/dixieflatline76/Spice/pkg/wallpaper/wallpaper.go:576.2,576.27 1 1
github.com/dixieflatline76/Spice/pkg/wallpaper/wallpaper.go:580.40,581.36 1 0
github.com/dixieflatline76/Spice/pkg/wallpaper/wallpaper.go:581.36,584.3 2 0
github.com/dixieflatline76/Spice/pkg/wallpaper/wallpaper.go:586.2,601.45 12 0
github.com/dixieflatline76/Spice/pkg/wallpaper/wallpaper.go:601.45,603.3 1 0
github.com/dixieflatline76/Spice/pkg/wallpaper/wallpaper.go:607.45,615.27 3 1
github.com/dixieflatline76/Spice/pkg/wallpaper/wallpaper.go:615.27,617.17 2 1
github.com/dixieflatline76/Spice/pkg/wallpaper/wallpaper.go:617.17,619.26 1 1
github.com/dixieflatline76/Spice/pkg/wallpaper/wallpaper.go:619.26,620.13 1 1
github.com/dixieflatline76/Spice/pkg/wallpaper/wallpaper.go:622.4,622.65 1 0
github.com/dixieflatline76/Spice/pkg/wallpaper/wallpaper.go:624.3,624.33 1 1
github.com/dixieflatline76/Spice/pkg/wallpaper/wallpaper.go:624.33,625.51 1 0
github.com/dixieflatline76/Spice/pkg/wallpaper/wallpaper.go:625.51,627.19 2 0
github.com/dixieflatline76/Spice/pkg/wallpaper/wallpaper.go:627.19,629.6 1 0
github.com/dixieflatline76/Spice/pkg/wallpaper/wallpaper.go:630.5,630.86 1 0
github.com/dixieflatline76/Spice/pkg/wallpaper/wallpaper.go:635.2,635.40 1 1
github.com/dixieflatline76/Spice/pkg/wallpaper/wallpaper.go:635.40,637.3 1 0
github.com/dixieflatline76/Spice/pkg/wallpaper/wallpaper.go:639.2,640.16 2 1
github.com/dixieflatline76/Spice/pkg/wallpaper/wallpaper.go:640.16,641.31 1 0
github.com/dixieflatline76/Spice/pkg/wallpaper/wallpaper.go:641.31,643.18 2 0
github.com/dixieflatline76/Spice/pkg/wallpaper/wallpaper.go:643.18,645.5 1 0
github.com/dixieflatline76/Spice/pkg/wallpaper/wallpaper.go:648.2,648.12 1 1
github.com/dixieflatline76/Spice/pkg/wallpaper/wallpaper.go:652.36,659.16 6 0
github.com/dixieflatline76/Spice/pkg/wallpaper/wallpaper.go:659.16,661.3 1 0
github.com/dixieflatline76/Spice/pkg/wallpaper/wallpaper.go:662.2,663.16 2 0
github.com/dixieflatline76/Spice/pkg/wallpaper/wallpaper.go:663.16,665.3 1 0
github.com/dixieflatline76/Spice/pkg/wallpaper/wallpaper.go:666.2,667.16 2 0
github.com/dixieflatline76/Spice/pkg/wallpaper/wallpaper.go:667.16,669.3 1 0
github.com/dixieflatline76/Spice/pkg/wallpaper/wallpaper.go:670.2,671.16 2 0
github.com/dixieflatline76/Spice/pkg/wallpaper/wallpaper.go:671.16,673.3 1 0
github.com/dixieflatline76/Spice/pkg/wallpaper/wallpaper.go:677.30,680.32 2 0
github.com/dixieflatline76/Spice/pkg/wallpaper/wallpaper.go:680.32,682.35 2 0
github.com/dixieflatline76/Spice/pkg/wallpaper/wallpaper.go:682.35,685.4 2 0
github.com/dixieflatline76/Spice/pkg/wallpaper/wallpaper.go:686.3,687.28 2 0
github.com/dixieflatline76/Spice/pkg/wallpaper/wallpaper.go:690.2,693.31 3 0
github.com/dixieflatline76/Spice/pkg/wallpaper/wallpaper.go:693.31,695.3 1 0
github.com/dixieflatline76/Spice/pkg/wallpaper/wallpaper.go:695.8,698.3 2 0
github.com/dixieflatline76/Spice/pkg/wallpaper/wallpaper.go:699.2,699.67 1 0
github.com/dixieflatline76/Spice/pkg/wallpaper/wallpaper.go:703.59,707.22 3 1
github.com/dixieflatline76/Spice/pkg/wallpaper/wallpaper.go:707.22,709.3 1 1
github.com/dixieflatline76/Spice/pkg/wallpaper/wallpaper.go:711.2,711.36 1 1
github.com/dixieflatline76/Spice/pkg/wallpaper/wallpaper.go:711.36,714.3 2 1
github.com/dixieflatline76/Spice/pkg/wallpaper/wallpaper.go:716.2,718.12 2 1
github.com/dixieflatline76/Spice/pkg/wallpaper/wallpaper.go:718.12,719.25 1 1
github.com/dixieflatline76/Spice/pkg/wallpaper/wallpaper.go:719.25,721.4 1 0
github.com/dixieflatline76/Spice/pkg/wallpaper/wallpaper.go:723.2,723.66 1 1
github.com/dixieflatline76/Spice/pkg/wallpaper/wallpaper.go:727.32,731.34 3 0
github.com/dixieflatline76/Spice/pkg/wallpaper/wallpaper.go:731.34,735.3 3 0
github.com/dixieflatline76/Spice/pkg/wallpaper/wallpaper.go:736.2,736.22 1 0
github.com/dixieflatline76/Spice/pkg/wallpaper/wallpaper.go:736.22,739.3 2 0
github.com/dixieflatline76/Spice/pkg/wallpaper/wallpaper.go:740.2,745.44 4 0
github.com/dixieflatline76/Spice/pkg/wallpaper/wallpaper.go:749.43,753.2 3 0
github.com/dixieflatline76/Spice/pkg/wallpaper/wallpaper.go:756.59,759.16 3 0
github.com/dixieflatline76/Spice/pkg/wallpaper/wallpaper.go:759.16,761.3 1 0
github.com/dixieflatline76/Spice/pkg/wallpaper/wallpaper.go:763.2,764.48 2 0
github.com/dixieflatline76/Spice/pkg/wallpaper/wallpaper.go:764.48,765.68 1 0
github.com/dixieflatline76/Spice/pkg/wallpaper/wallpaper.go:765.68,767.4 1 0
github.com/dixieflatline76/Spice/pkg/wallpaper/wallpaper.go:769.2,770.12 2 0
github.com/dixieflatline76/Spice/pkg/wallpaper/wallpaper.go:774.38,777.2 2 1
github.com/dixieflatline76/Spice/pkg/wallpaper/wallpaper.go:780.40,782.31 2 0
github.com/dixieflatline76/Spice/pkg/wallpaper/wallpaper.go:782.31,786.3 3 0
github.com/dixieflatline76/Spice/pkg/wallpaper/wallpaper.go:787.2,787.111 1 0
github.com/dixieflatline76/Spice/pkg/wallpaper/wallpaper.go:787.111,790.3 2 0
github.com/dixieflatline76/Spice/pkg/wallpaper/wallpaper.go:791.2,795.32 5 0
github.com/dixieflatline76/Spice/pkg/wallpaper/wallpaper.go:799.42,801.32 2 0
github.com/dixieflatline76/Spice/pkg/wallpaper/wallpaper.go:801.32,805.3 3 0
github.com/dixieflatline76/Spice/pkg/wallpaper/wallpaper.go:806.2,808.33 3 0
github.com/dixieflatline76/Spice/pkg/wallpaper/wallpaper.go:808.33,810.3 1 0
github.com/dixieflatline76/Spice/pkg/wallpaper/wallpaper.go:811.2,812.30 2 0
github.com/dixieflatline76/Spice/pkg/wallpaper/wallpaper.go:816.38,818.2 1 1
github.com/dixieflatline76/Spice/pkg/wallpaper/wallpaper.go:821.28,823.2 1 1
github.com/dixieflatline76/Spice/pkg/wallpaper/wallpaper.go:826.33,831.35 4 1
github.com/dixieflatline76/Spice/pkg/wallpaper/wallpaper.go:831.35,833.45 1 1
github.com/dixieflatline76/Spice/pkg/wallpaper/wallpaper.go:833.45,836.4 2 1
github.com/dixieflatline76/Spice/pkg/wallpaper/wallpaper.go:836.9,839.4 2 1
github.com/dixieflatline76/Spice/pkg/wallpaper/wallpaper.go:840.3,840.36 1 1
github.com/dixieflatline76/Spice/pkg/wallpaper/wallpaper.go:840.36,842.4 1 0
github.com/dixieflatline76/Spice/pkg/wallpaper/wallpaper.go:843.8,848.36 4 1
github.com/dixieflatline76/Spice/pkg/wallpaper/wallpaper.go:848.36,850.4 1 0
github.com/dixieflatline76/Spice/pkg/wallpaper/wallpaper.go:855.39,856.29 1 0
github.com/dixieflatline76/Spice/pkg/wallpaper/wallpaper.go:856.29,858.3 1 0
github.com/dixieflatline76/Spice/pkg/wallpaper/wallpaper.go:858.8,860.3 1 0
github.com/dixieflatline76/Spice/pkg/wallpaper/wallpaper.go:864.63,868.2 3 0
github.com/dixieflatline76/Spice/pkg/wallpaper/wallpaper.go:871.35,873.2 1 1
github.com/dixieflatline76/Spice/pkg/wallpaper/wallpaper.go:876.40,878.2 1 0
github.com/dixieflatline76/Spice/pkg/wallpaper/wallpaper.go:881.43,883.2 1 0
github.com/dixieflatline76/Spice/pkg/wallpaper/wallpaper.go:886.68,888.2 1 1
github.com/dixieflatline76/Spice/pkg/wallpaper/wallpaper.go:891.43,894.35 3 0
github.com/dixieflatline76/Spice/pkg/wallpaper/wallpaper.go:894.35,897.3 2 0
github.com/dixieflatline76/Spice/pkg/wallpaper/wallpaper.go:898.2,899.16 2 0
github.com/dixieflatline76/Spice/pkg/wallpaper/wallpaper.go:899.16,902.3 2 0
github.com/dixieflatline76/Spice/pkg/wallpaper/wallpaper.go:903.2,903.48 1 0
github.com/dixieflatline76/Spice/pkg/wallpaper/wallpaper.go:903.48,905.3 1 0
github.com/dixieflatline76/Spice/pkg/wallpaper/wallpaper.go:909.43,910.12 1 0
github.com/dixieflatline76/Spice/pkg/wallpaper/wallpaper.go:910.12,914.93 3 0
github.com/dixieflatline76/Spice/pkg/wallpaper/wallpaper.go:914.93,916.4 1 0
github.com/dixieflatline76/Spice/pkg/wallpaper/wallpaper.go:917.3,917.18 1 0
github.com/dixieflatline76/Spice/pkg/wallpaper/wallpaper.go:922.45,924.2 1 0
github.com/dixieflatline76/Spice/pkg/wallpaper/wallpaper.go:927.49,934.33 5 1
github.com/dixieflatline76/Spice/pkg/wallpaper/wallpaper.go:934.33,937.3 2 0
github.com/dixieflatline76/Spice/pkg/wallpaper/wallpaper.go:937.8,940.3 2 1
github.com/dixieflatline76/Spice/pkg/wallpaper/wallpaper.go:944.77,946.16 2 0
github.com/dixieflatline76/Spice/pkg/wallpaper/wallpaper.go:946.16,948.3 1 0
github.com/dixieflatline76/Spice/pkg/wallpaper/wallpaper.go:949.2,952.18 3 0
github.com/dixieflatline76/Spice/pkg/wallpaper/wallpaper.go:952.18,954.3 1 0
github.com/dixieflatline76/Spice/pkg/wallpaper/wallpaper.go:954.8,956.3 1 0
github.com/dixieflatline76/Spice/pkg/wallpaper/wallpaper.go:958.2,958.25 1 0
github.com/dixieflatline76/Spice/pkg/wallpaper/wallpaper.go:958.25,959.67 1 0
github.com/dixieflatline76/Spice/pkg/wallpaper/wallpaper.go:959.67,960.102 1 0
github.com/dixieflatline76/Spice/pkg/wallpaper/wallpaper.go:960.102,963.5 2 0
github.com/dixieflatline76/Spice/pkg/wallpaper/wallpaper.go:966.2,973.19 6 0
github.com/dixieflatline76/Spice/pkg/wallpaper/wallpaper.go:973.19,975.3 1 0
github.com/dixieflatline76/Spice/pkg/wallpaper/wallpaper.go:976.2,979.18 3 0
github.com/dixieflatline76/Spice/pkg/wallpaper/wallpaper.go:979.18,980.49 1 0
github.com/dixieflatline76/Spice/pkg/wallpaper/wallpaper.go:980.49,982.4 1 0
github.com/dixieflatline76/Spice/pkg/wallpaper/wallpaper.go:983.3,983.64 1 0
github.com/dixieflatline76/Spice/pkg/wallpaper/wallpaper.go:985.2,987.53 2 0
github.com/dixieflatline76/Spice/pkg/wallpaper/wallpaper.go:987.53,990.26 3 0
github.com/dixieflatline76/Spice/pkg/wallpaper/wallpaper.go:991.12,992.110 1 0
github.com/dixieflatline76/Spice/pkg/wallpaper/wallpaper.go:993.12,994.117 1 0
github.com/dixieflatline76/Spice/pkg/wallpaper/wallpaper.go:995.12,996.100 1 0
github.com/dixieflatline76/Spice/pkg/wallpaper/wallpaper.go:997.11,998.75 1 0
github.com/dixieflatline76/Spice/pkg/wallpaper/wallpaper.go:1002.2,1003.20 2 0
github.com/dixieflatline76/Spice/pkg/wallpaper/wallpaper.go:1003.20,1005.3 1 0
github.com/dixieflatline76/Spice/pkg/wallpaper/wallpaper.go:1007.2,1009.20 3 0
github.com/dixieflatline76/Spice/pkg/wallpaper/wallpaper.go:1009.20,1011.3 1 0
github.com/dixieflatline76/Spice/pkg/wallpaper/wallpaper.go:1013.2,1013.33 1 0
github.com/dixieflatline76/Spice/pkg/wallpaper/wallpaper.go:1013.33,1015.3 1 0
github.com/dixieflatline76/Spice/pkg/wallpaper/wallpaper.go:1017.2,1018.12 2 0
github.com/dixieflatline76/Spice/pkg/wallpaper/wallpaper.go:1022.79,1024.2 1 0
github.com/dixieflatline76/Spice/pkg/wallpaper/wallpaper.go:1027.59,1029.2 1 0
github.com/dixieflatline76/Spice/pkg/wallpaper/wallpaper.go:1032.40,1036.34 3 0
github.com/dixieflatline76/Spice/pkg/wallpaper/wallpaper.go:1036.34,1040.3 3 0
github.com/dixieflatline76/Spice/pkg/wallpaper/wallpaper.go:1044.41,1055.2 6 0
github.com/dixieflatline76/Spice/pkg/wallpaper/wallpaper.go:1058.38,1060.2 1 0
github.com/dixieflatline76/Spice/pkg/wallpaper/windows.go:18.13,19.19 1 1
github.com/dixieflatline76/Spice/pkg/wallpaper/windows.go:19.19,20.37 1 0
github.com/dixieflatline76/Spice/pkg/wallpaper/windows.go:36.58,39.16 2 0
github.com/dixieflatline76/Spice/pkg/wallpaper/windows.go:39.16,41.3 1 0
github.com/dixieflatline76/Spice/pkg/wallpaper/windows.go:43.2,49.14 2 0
github.com/dixieflatline76/Spice/pkg/wallpaper/windows.go:49.14,51.3 1 0
github.com/dixieflatline76/Spice/pkg/wallpaper/windows.go:53.2,53.12 1 0
github.com/dixieflatline76/Spice/pkg/wallpaper/windows.go:57.61,59.2 1 0
github.com/dixieflatline76/Spice/pkg/wallpaper/windows.go:62.17,64.2 1 1
